2024-11-19 00:00:05 -[[32mINFO] Code pulled successfully [0m
2024-11-19 00:15:04 -[[32mINFO] Code pulled successfully [0m
2024-11-19 00:30:04 -[[32mINFO] Code pulled successfully [0m
2024-11-19 00:45:04 -[[32mINFO] Code pulled successfully [0m
2024-11-19 01:00:04 -[[32mINFO] Code pulled successfully [0m
2024-11-19 01:15:06 -[[32mINFO] Code pulled successfully [0m
2024-11-19 01:30:05 -[[32mINFO] Code pulled successfully [0m
2024-11-19 01:45:04 -[[32mINFO] Code pulled successfully [0m
2024-11-19 02:00:04 -[[32mINFO] Code pulled successfully [0m
2024-11-19 02:15:05 -[[32mINFO] Code pulled successfully [0m
2024-11-19 02:32:08 -[[31mERROR] Code pull failed [0m
2024-11-19 02:45:04 -[[32mINFO] Code pulled successfully [0m
2024-11-19 03:00:05 -[[32mINFO] Code pulled successfully [0m
2024-11-19 03:15:04 -[[32mINFO] Code pulled successfully [0m
2024-11-19 03:30:04 -[[32mINFO] Code pulled successfully [0m
2024-11-19 03:45:05 -[[32mINFO] Code pulled successfully [0m
2024-11-19 04:00:04 -[[32mINFO] Code pulled successfully [0m
2024-11-19 04:15:04 -[[32mINFO] Code pulled successfully [0m
2024-11-19 04:30:05 -[[32mINFO] Code pulled successfully [0m
2024-11-19 04:45:04 -[[32mINFO] Code pulled successfully [0m
2024-11-19 05:00:05 -[[32mINFO] Code pulled successfully [0m
2024-11-19 05:15:05 -[[32mINFO] Code pulled successfully [0m
2024-11-19 05:30:04 -[[32mINFO] Code pulled successfully [0m
2024-11-19 05:45:04 -[[32mINFO] Code pulled successfully [0m
2024-11-19 06:00:05 -[[32mINFO] Code pulled successfully [0m
2024-11-19 06:15:04 -[[32mINFO] Code pulled successfully [0m
2024-11-19 06:30:05 -[[32mINFO] Code pulled successfully [0m
2024-11-19 06:47:09 -[[31mERROR] Code pull failed [0m
2024-11-19 07:00:05 -[[32mINFO] Code pulled successfully [0m
2024-11-19 07:15:05 -[[32mINFO] Code pulled successfully [0m
2024-11-19 07:30:04 -[[32mINFO] Code pulled successfully [0m
2024-11-19 07:45:04 -[[32mINFO] Code pulled successfully [0m
2024-11-19 08:00:05 -[[32mINFO] Code pulled successfully [0m
2024-11-19 08:15:04 -[[32mINFO] Code pulled successfully [0m
2024-11-19 08:30:04 -[[32mINFO] Code pulled successfully [0m
2024-11-19 08:47:09 -[[31mERROR] Code pull failed [0m
2024-11-19 09:00:05 -[[32mINFO] Code pulled successfully [0m
2024-11-19 09:15:04 -[[32mINFO] Code pulled successfully [0m
2024-11-19 09:30:04 -[[32mINFO] Code pulled successfully [0m
2024-11-19 09:45:05 -[[32mINFO] Code pulled successfully [0m
2024-11-19 10:00:04 -[[32mINFO] Code pulled successfully [0m
2024-11-19 10:15:04 -[[32mINFO] Code pulled successfully [0m
2024-11-19 10:30:05 -[[32mINFO] Code pulled successfully [0m
2024-11-19 10:45:04 -[[32mINFO] Code pulled successfully [0m
2024-11-19 11:00:05 -[[32mINFO] Code pulled successfully [0m
2024-11-19 11:15:05 -[[32mINFO] Code pulled successfully [0m
2024-11-19 11:30:05 -[[32mINFO] Code pulled successfully [0m
2024-11-19 11:47:08 -[[31mERROR] Code pull failed [0m
2024-11-19 12:00:04 -[[32mINFO] Code pulled successfully [0m
2024-11-19 12:15:05 -[[32mINFO] Code pulled successfully [0m
2024-11-19 12:30:04 -[[32mINFO] Code pulled successfully [0m
2024-11-19 12:45:04 -[[32mINFO] Code pulled successfully [0m
2024-11-19 13:00:05 -[[32mINFO] Code pulled successfully [0m
2024-11-19 13:15:05 -[[32mINFO] Code pulled successfully [0m
2024-11-19 13:30:04 -[[32mINFO] Code pulled successfully [0m
2024-11-19 13:45:05 -[[32mINFO] Code pulled successfully [0m
2024-11-19 14:00:05 -[[32mINFO] Code pulled successfully [0m
2024-11-19 14:15:04 -[[32mINFO] Code pulled successfully [0m
2024-11-19 14:30:05 -[[32mINFO] Code pulled successfully [0m
2024-11-19 14:45:04 -[[32mINFO] Code pulled successfully [0m
2024-11-19 15:02:08 -[[31mERROR] Code pull failed [0m
2024-11-19 15:15:06 -[[32mINFO] Code pulled successfully [0m
2024-11-19 15:30:04 -[[32mINFO] Code pulled successfully [0m
2024-11-19 15:45:04 -[[32mINFO] Code pulled successfully [0m
2024-11-19 16:00:05 -[[32mINFO] Code pulled successfully [0m
2024-11-19 16:15:04 -[[32mINFO] Code pulled successfully [0m
2024-11-19 16:30:04 -[[32mINFO] Code pulled successfully [0m
2024-11-19 16:45:05 -[[32mINFO] Code pulled successfully [0m
2024-11-19 17:00:04 -[[32mINFO] Code pulled successfully [0m
2024-11-19 17:15:05 -[[32mINFO] Code pulled successfully [0m
2024-11-19 17:30:04 -[[32mINFO] Code pulled successfully [0m
2024-11-19 17:45:04 -[[32mINFO] Code pulled successfully [0m
2024-11-19 18:00:05 -[[32mINFO] Code pulled successfully [0m
2024-11-19 18:15:04 -[[32mINFO] Code pulled successfully [0m
2024-11-19 18:30:04 -[[32mINFO] Code pulled successfully [0m
2024-11-19 18:45:04 -[[32mINFO] Code pulled successfully [0m
2024-11-19 19:00:05 -[[32mINFO] Code pulled successfully [0m
2024-11-19 19:15:04 -[[32mINFO] Code pulled successfully [0m
2024-11-19 19:30:04 -[[32mINFO] Code pulled successfully [0m
2024-11-19 19:45:05 -[[32mINFO] Code pulled successfully [0m
2024-11-19 20:00:04 -[[32mINFO] Code pulled successfully [0m
2024-11-19 20:15:04 -[[32mINFO] Code pulled successfully [0m
2024-11-19 20:32:09 -[[31mERROR] Code pull failed [0m
2024-11-19 20:45:04 -[[32mINFO] Code pulled successfully [0m
2024-11-19 21:00:04 -[[32mINFO] Code pulled successfully [0m
2024-11-19 21:15:05 -[[32mINFO] Code pulled successfully [0m
2024-11-19 21:30:05 -[[32mINFO] Code pulled successfully [0m
2024-11-19 21:45:04 -[[32mINFO] Code pulled successfully [0m
2024-11-19 22:00:05 -[[32mINFO] Code pulled successfully [0m
2024-11-19 22:15:04 -[[32mINFO] Code pulled successfully [0m
2024-11-19 22:30:05 -[[32mINFO] Code pulled successfully [0m
2024-11-19 22:45:04 -[[32mINFO] Code pulled successfully [0m
2024-11-19 23:00:05 -[[32mINFO] Code pulled successfully [0m
2024-11-19 23:15:05 -[[32mINFO] Code pulled successfully [0m
2024-11-19 23:30:04 -[[32mINFO] Code pulled successfully [0m
2024-11-19 23:45:06 -[[32mINFO] Code pulled successfully [0m
2024-11-20 00:00:05 -[[32mINFO] Code pulled successfully [0m
2024-11-20 00:15:05 -[[32mINFO] Code pulled successfully [0m
2024-11-20 00:30:05 -[[32mINFO] Code pulled successfully [0m
2024-11-20 00:45:04 -[[32mINFO] Code pulled successfully [0m
2024-11-20 01:00:05 -[[32mINFO] Code pulled successfully [0m
2024-11-20 01:15:05 -[[32mINFO] Code pulled successfully [0m
2024-11-20 01:30:05 -[[32mINFO] Code pulled successfully [0m
2024-11-20 01:45:04 -[[32mINFO] Code pulled successfully [0m
2024-11-20 02:00:05 -[[32mINFO] Code pulled successfully [0m
2024-11-20 02:15:05 -[[32mINFO] Code pulled successfully [0m
2024-11-20 02:30:04 -[[32mINFO] Code pulled successfully [0m
2024-11-20 02:45:05 -[[32mINFO] Code pulled successfully [0m
2024-11-20 03:00:05 -[[32mINFO] Code pulled successfully [0m
2024-11-20 03:15:04 -[[32mINFO] Code pulled successfully [0m
2024-11-20 03:30:04 -[[32mINFO] Code pulled successfully [0m
2024-11-20 03:45:05 -[[32mINFO] Code pulled successfully [0m
2024-11-20 04:00:05 -[[32mINFO] Code pulled successfully [0m
2024-11-20 04:15:04 -[[32mINFO] Code pulled successfully [0m
2024-11-20 04:30:05 -[[32mINFO] Code pulled successfully [0m
2024-11-20 04:45:04 -[[32mINFO] Code pulled successfully [0m
2024-11-20 05:00:04 -[[32mINFO] Code pulled successfully [0m
2024-11-20 05:15:05 -[[32mINFO] Code pulled successfully [0m
2024-11-20 05:30:04 -[[32mINFO] Code pulled successfully [0m
2024-11-20 05:44:15 -[[32mINFO] Code pulled successfully [0m
2024-11-20 05:47:09 -[[31mERROR] Code pull failed [0m
2024-11-20 06:00:04 -[[32mINFO] Code pulled successfully [0m
2024-11-20 06:01:00 -[[32mINFO] Code pulled successfully [0m
2024-11-20 06:15:04 -[[32mINFO] Code pulled successfully [0m
2024-11-20 06:26:34 -[[32mINFO] Code pulled successfully [0m
2024-11-20 06:27:59 -[[32mINFO] Code pulled successfully [0m
2024-11-20 06:30:05 -[[32mINFO] Code pulled successfully [0m
2024-11-20 06:41:57 - [INFO] Mkdocs Service restart successfully
2024-11-20 06:41:57 - [INFO] 已清除超过3天的日志。
2024-11-20 06:44:50 - [INFO] Mkdocs Service restart successfully
2024-11-20 06:44:50 - [INFO] 已清除超过3天的日志。
2024-11-20 06:45:04 - [INFO] Mkdocs Service restart successfully
2024-11-20 06:45:04 - [INFO] 已清除超过3天的日志。
2024-11-20 07:00:05 - [INFO] Code pulled successfully
2024-11-20 07:00:05 - [INFO] Mkdocs Service restart successfully
2024-11-20 07:00:05 - [INFO] 已清除超过3天的日志。
2024-11-20 07:15:04 - [INFO] Code pulled successfully
2024-11-20 07:15:04 - [INFO] Mkdocs Service restart successfully
2024-11-20 07:15:04 - [INFO] 已清除超过3天的日志。
2024-11-20 07:30:04 - [INFO] Code pulled successfully
2024-11-20 07:30:04 - [INFO] Mkdocs Service restart successfully
2024-11-20 07:30:04 - [INFO] 已清除超过3天的日志。
2024-11-20 07:47:09 - [ERROR] Code pull failed
2024-11-20 07:47:09 - [INFO] Mkdocs Service restart successfully
2024-11-20 07:47:09 - [INFO] 已清除超过3天的日志。
2024-11-20 08:02:08 - [ERROR] Code pull failed
2024-11-20 08:02:08 - [INFO] Mkdocs Service restart successfully
2024-11-20 08:02:08 - [INFO] 已清除超过3天的日志。
2024-11-20 08:15:04 - [INFO] Code pulled successfully
2024-11-20 08:15:04 - [INFO] Mkdocs Service restart successfully
2024-11-20 08:15:04 - [INFO] 已清除超过3天的日志。
2024-11-20 08:30:05 - [INFO] Code pulled successfully
2024-11-20 08:30:05 - [INFO] Mkdocs Service restart successfully
2024-11-20 08:30:05 - [INFO] 已清除超过3天的日志。
2024-11-20 08:45:04 - [INFO] Code pulled successfully
2024-11-20 08:45:04 - [INFO] Mkdocs Service restart successfully
2024-11-20 08:45:04 - [INFO] 已清除超过3天的日志。
2024-11-20 09:00:04 - [INFO] Code pulled successfully
2024-11-20 09:00:04 - [INFO] Mkdocs Service restart successfully
2024-11-20 09:00:04 - [INFO] 已清除超过3天的日志。
2024-11-20 09:15:04 - [INFO] Code pulled successfully
2024-11-20 09:15:04 - [INFO] Mkdocs Service restart successfully
2024-11-20 09:15:04 - [INFO] 已清除超过3天的日志。
2024-11-20 09:30:05 - [INFO] Code pulled successfully
2024-11-20 09:30:05 - [INFO] Mkdocs Service restart successfully
2024-11-20 09:30:05 - [INFO] 已清除超过3天的日志。
2024-11-20 09:45:04 - [INFO] Code pulled successfully
2024-11-20 09:45:04 - [INFO] Mkdocs Service restart successfully
2024-11-20 09:45:04 - [INFO] 已清除超过3天的日志。
2024-11-20 10:00:04 - [INFO] Code pulled successfully
2024-11-20 10:00:04 - [INFO] Mkdocs Service restart successfully
2024-11-20 10:00:04 - [INFO] 已清除超过3天的日志。
2024-11-20 10:15:05 - [INFO] Code pulled successfully
2024-11-20 10:15:05 - [INFO] Mkdocs Service restart successfully
2024-11-20 10:15:05 - [INFO] 已清除超过3天的日志。
2024-11-20 10:30:05 - [INFO] Code pulled successfully
2024-11-20 10:30:05 - [INFO] Mkdocs Service restart successfully
2024-11-20 10:30:05 - [INFO] 已清除超过3天的日志。
2024-11-20 10:45:04 - [INFO] Code pulled successfully
2024-11-20 10:45:04 - [INFO] Mkdocs Service restart successfully
2024-11-20 10:45:04 - [INFO] 已清除超过3天的日志。
2024-11-20 11:00:05 - [INFO] Code pulled successfully
2024-11-20 11:00:05 - [INFO] Mkdocs Service restart successfully
2024-11-20 11:00:05 - [INFO] 已清除超过3天的日志。
2024-11-20 11:15:04 - [INFO] Code pulled successfully
2024-11-20 11:15:04 - [INFO] Mkdocs Service restart successfully
2024-11-20 11:15:04 - [INFO] 已清除超过3天的日志。
2024-11-20 11:30:04 - [INFO] Code pulled successfully
2024-11-20 11:30:04 - [INFO] Mkdocs Service restart successfully
2024-11-20 11:30:04 - [INFO] 已清除超过3天的日志。
2024-11-20 11:45:05 - [INFO] Code pulled successfully
2024-11-20 11:45:05 - [INFO] Mkdocs Service restart successfully
2024-11-20 11:45:05 - [INFO] 已清除超过3天的日志。
2024-11-20 12:00:05 - [INFO] Code pulled successfully
2024-11-20 12:00:05 - [INFO] Mkdocs Service restart successfully
2024-11-20 12:00:05 - [INFO] 已清除超过3天的日志。
2024-11-20 12:15:04 - [INFO] Code pulled successfully
2024-11-20 12:15:04 - [INFO] Mkdocs Service restart successfully
2024-11-20 12:15:04 - [INFO] 已清除超过3天的日志。
2024-11-20 12:30:04 - [INFO] Code pulled successfully
2024-11-20 12:30:04 - [INFO] Mkdocs Service restart successfully
2024-11-20 12:30:05 - [INFO] 已清除超过3天的日志。
2024-11-20 12:45:05 - [INFO] Code pulled successfully
2024-11-20 12:45:05 - [INFO] Mkdocs Service restart successfully
2024-11-20 12:45:05 - [INFO] 已清除超过3天的日志。
2024-11-20 13:00:04 - [INFO] Code pulled successfully
2024-11-20 13:00:04 - [INFO] Mkdocs Service restart successfully
2024-11-20 13:00:04 - [INFO] 已清除超过3天的日志。
2024-11-20 13:15:05 - [INFO] Code pulled successfully
2024-11-20 13:15:05 - [INFO] Mkdocs Service restart successfully
2024-11-20 13:15:05 - [INFO] 已清除超过3天的日志。
2024-11-20 13:30:04 - [INFO] Code pulled successfully
2024-11-20 13:30:04 - [INFO] Mkdocs Service restart successfully
2024-11-20 13:30:04 - [INFO] 已清除超过3天的日志。
2024-11-20 13:45:05 - [INFO] Code pulled successfully
2024-11-20 13:45:05 - [INFO] Mkdocs Service restart successfully
2024-11-20 13:45:05 - [INFO] 已清除超过3天的日志。
2024-11-20 14:00:05 - [INFO] Code pulled successfully
2024-11-20 14:00:05 - [INFO] Mkdocs Service restart successfully
2024-11-20 14:00:05 - [INFO] 已清除超过3天的日志。
2024-11-20 14:15:04 - [INFO] Code pulled successfully
2024-11-20 14:15:04 - [INFO] Mkdocs Service restart successfully
2024-11-20 14:15:04 - [INFO] 已清除超过3天的日志。
2024-11-20 14:30:05 - [INFO] Code pulled successfully
2024-11-20 14:30:05 - [INFO] Mkdocs Service restart successfully
2024-11-20 14:30:05 - [INFO] 已清除超过3天的日志。
2024-11-20 14:45:04 - [INFO] Code pulled successfully
2024-11-20 14:45:04 - [INFO] Mkdocs Service restart successfully
2024-11-20 14:45:04 - [INFO] 已清除超过3天的日志。
2024-11-20 15:00:05 - [INFO] Code pulled successfully
2024-11-20 15:00:05 - [INFO] Mkdocs Service restart successfully
2024-11-20 15:00:05 - [INFO] 已清除超过3天的日志。
2024-11-20 15:15:04 - [INFO] Code pulled successfully
2024-11-20 15:15:04 - [INFO] Mkdocs Service restart successfully
2024-11-20 15:15:04 - [INFO] 已清除超过3天的日志。
2024-11-20 15:30:04 - [INFO] Code pulled successfully
2024-11-20 15:30:04 - [INFO] Mkdocs Service restart successfully
2024-11-20 15:30:05 - [INFO] 已清除超过3天的日志。
2024-11-20 15:45:05 - [INFO] Code pulled successfully
2024-11-20 15:45:05 - [INFO] Mkdocs Service restart successfully
2024-11-20 15:45:05 - [INFO] 已清除超过3天的日志。
2024-11-20 16:00:04 - [INFO] Code pulled successfully
2024-11-20 16:00:04 - [INFO] Mkdocs Service restart successfully
2024-11-20 16:00:04 - [INFO] 已清除超过3天的日志。
2024-11-20 16:15:05 - [INFO] Code pulled successfully
2024-11-20 16:15:05 - [INFO] Mkdocs Service restart successfully
2024-11-20 16:15:05 - [INFO] 已清除超过3天的日志。
2024-11-20 16:30:05 - [INFO] Code pulled successfully
2024-11-20 16:30:05 - [INFO] Mkdocs Service restart successfully
2024-11-20 16:30:05 - [INFO] 已清除超过3天的日志。
2024-11-20 16:45:04 - [INFO] Code pulled successfully
2024-11-20 16:45:04 - [INFO] Mkdocs Service restart successfully
2024-11-20 16:45:04 - [INFO] 已清除超过3天的日志。
2024-11-20 17:00:04 - [INFO] Code pulled successfully
2024-11-20 17:00:04 - [INFO] Mkdocs Service restart successfully
2024-11-20 17:00:05 - [INFO] 已清除超过3天的日志。
2024-11-20 17:15:05 - [INFO] Code pulled successfully
2024-11-20 17:15:05 - [INFO] Mkdocs Service restart successfully
2024-11-20 17:15:05 - [INFO] 已清除超过3天的日志。
2024-11-20 17:30:04 - [INFO] Code pulled successfully
2024-11-20 17:30:04 - [INFO] Mkdocs Service restart successfully
2024-11-20 17:30:04 - [INFO] 已清除超过3天的日志。
2024-11-20 17:45:05 - [INFO] Code pulled successfully
2024-11-20 17:45:05 - [INFO] Mkdocs Service restart successfully
2024-11-20 17:45:05 - [INFO] 已清除超过3天的日志。
2024-11-20 18:00:05 - [INFO] Code pulled successfully
2024-11-20 18:00:05 - [INFO] Mkdocs Service restart successfully
2024-11-20 18:00:05 - [INFO] 已清除超过3天的日志。
2024-11-20 18:15:04 - [INFO] Code pulled successfully
2024-11-20 18:15:05 - [INFO] Mkdocs Service restart successfully
2024-11-20 18:15:05 - [INFO] 已清除超过3天的日志。
2024-11-20 18:30:04 - [INFO] Code pulled successfully
2024-11-20 18:30:04 - [INFO] Mkdocs Service restart successfully
2024-11-20 18:30:04 - [INFO] 已清除超过3天的日志。
2024-11-20 18:45:05 - [INFO] Code pulled successfully
2024-11-20 18:45:05 - [INFO] Mkdocs Service restart successfully
2024-11-20 18:45:05 - [INFO] 已清除超过3天的日志。
2024-11-20 19:00:04 - [INFO] Code pulled successfully
2024-11-20 19:00:04 - [INFO] Mkdocs Service restart successfully
2024-11-20 19:00:04 - [INFO] 已清除超过3天的日志。
2024-11-20 19:15:05 - [INFO] Code pulled successfully
2024-11-20 19:15:05 - [INFO] Mkdocs Service restart successfully
2024-11-20 19:15:05 - [INFO] 已清除超过3天的日志。
2024-11-20 19:30:04 - [INFO] Code pulled successfully
2024-11-20 19:30:04 - [INFO] Mkdocs Service restart successfully
2024-11-20 19:30:04 - [INFO] 已清除超过3天的日志。
2024-11-20 19:45:05 - [INFO] Code pulled successfully
2024-11-20 19:45:05 - [INFO] Mkdocs Service restart successfully
2024-11-20 19:45:05 - [INFO] 已清除超过3天的日志。
2024-11-20 20:00:06 - [INFO] Code pulled successfully
2024-11-20 20:00:06 - [INFO] Mkdocs Service restart successfully
2024-11-20 20:00:06 - [INFO] 已清除超过3天的日志。
2024-11-20 20:15:05 - [INFO] Code pulled successfully
2024-11-20 20:15:05 - [INFO] Mkdocs Service restart successfully
2024-11-20 20:15:05 - [INFO] 已清除超过3天的日志。
2024-11-20 20:30:05 - [INFO] Code pulled successfully
2024-11-20 20:30:05 - [INFO] Mkdocs Service restart successfully
2024-11-20 20:30:05 - [INFO] 已清除超过3天的日志。
2024-11-20 20:45:04 - [INFO] Code pulled successfully
2024-11-20 20:45:05 - [INFO] Mkdocs Service restart successfully
2024-11-20 20:45:05 - [INFO] 已清除超过3天的日志。
2024-11-20 21:02:09 - [ERROR] Code pull failed
2024-11-20 21:02:09 - [INFO] Mkdocs Service restart successfully
2024-11-20 21:02:09 - [INFO] 已清除超过3天的日志。
2024-11-20 21:15:05 - [INFO] Code pulled successfully
2024-11-20 21:15:05 - [INFO] Mkdocs Service restart successfully
2024-11-20 21:15:05 - [INFO] 已清除超过3天的日志。
2024-11-20 21:30:04 - [INFO] Code pulled successfully
2024-11-20 21:30:04 - [INFO] Mkdocs Service restart successfully
2024-11-20 21:30:04 - [INFO] 已清除超过3天的日志。
2024-11-20 21:45:05 - [INFO] Code pulled successfully
2024-11-20 21:45:05 - [INFO] Mkdocs Service restart successfully
2024-11-20 21:45:05 - [INFO] 已清除超过3天的日志。
2024-11-20 22:00:05 - [INFO] Code pulled successfully
2024-11-20 22:00:05 - [INFO] Mkdocs Service restart successfully
2024-11-20 22:00:05 - [INFO] 已清除超过3天的日志。
2024-11-20 22:15:05 - [INFO] Code pulled successfully
2024-11-20 22:15:05 - [INFO] Mkdocs Service restart successfully
2024-11-20 22:15:05 - [INFO] 已清除超过3天的日志。
2024-11-20 22:27:17 - [INFO] Code pulled successfully
2024-11-20 22:27:17 - [INFO] Mkdocs Service restart successfully
2024-11-20 22:27:17 - [INFO] 已清除超过3天的日志。
2024-11-20 22:30:03 - [INFO] Code pulled successfully
2024-11-20 22:30:03 - [INFO] Mkdocs Service restart successfully
2024-11-20 22:30:03 - [INFO] 已清除超过3天的日志。
2024-11-20 22:30:04 - [INFO] Code pulled successfully
2024-11-20 22:30:04 - [INFO] Mkdocs Service restart successfully
2024-11-20 22:30:04 - [INFO] 已清除超过3天的日志。
2024-11-20 23:02:09 - [ERROR] Code pull failed
2024-11-20 23:02:09 - [INFO] Mkdocs Service restart successfully
2024-11-20 23:02:09 - [INFO] 已清除超过3天的日志。
2024-11-21 00:00:05 - [INFO] Code pulled successfully
2024-11-21 00:00:05 - [INFO] Mkdocs Service restart successfully
2024-11-21 00:00:05 - [INFO] 已清除超过3天的日志。
2024-11-21 01:00:05 - [INFO] Code pulled successfully
2024-11-21 01:00:05 - [INFO] Mkdocs Service restart successfully
2024-11-21 01:00:05 - [INFO] 已清除超过3天的日志。
2024-11-21 02:00:04 - [INFO] Code pulled successfully
2024-11-21 02:00:04 - [INFO] Mkdocs Service restart successfully
2024-11-21 02:00:04 - [INFO] 已清除超过3天的日志。
2024-11-21 03:00:04 - [INFO] Code pulled successfully
2024-11-21 03:00:04 - [INFO] Mkdocs Service restart successfully
2024-11-21 03:00:04 - [INFO] 已清除超过3天的日志。
2024-11-21 04:00:04 - [INFO] Code pulled successfully
2024-11-21 04:00:04 - [INFO] Mkdocs Service restart successfully
2024-11-21 04:00:04 - [INFO] 已清除超过3天的日志。
2024-11-21 05:00:04 - [INFO] Code pulled successfully
2024-11-21 05:00:04 - [INFO] Mkdocs Service restart successfully
2024-11-21 05:00:04 - [INFO] 已清除超过3天的日志。
2024-11-21 06:00:04 - [INFO] Code pulled successfully
2024-11-21 06:00:04 - [INFO] Mkdocs Service restart successfully
2024-11-21 06:00:04 - [INFO] 已清除超过3天的日志。
2024-11-21 06:50:02 - [INFO] Code pulled successfully
2024-11-21 06:50:02 - [INFO] Mkdocs Service restart successfully
2024-11-21 06:50:02 - [INFO] 已清除超过3天的日志。
2024-11-21 06:51:45 - [INFO] Code pulled successfully
2024-11-21 06:51:45 - [INFO] Mkdocs Service restart successfully
2024-11-21 06:51:45 - [INFO] 已清除超过3天的日志。
2024-11-21 07:00:05 - [INFO] Code pulled successfully
2024-11-21 07:00:05 - [INFO] Mkdocs Service restart successfully
2024-11-21 07:00:05 - [INFO] 已清除超过3天的日志。
2024-11-21 08:00:05 - [INFO] Code pulled successfully
2024-11-21 08:00:05 - [INFO] Mkdocs Service restart successfully
2024-11-21 08:00:05 - [INFO] 已清除超过3天的日志。
2024-11-21 09:00:05 - [INFO] Code pulled successfully
2024-11-21 09:00:05 - [INFO] Mkdocs Service restart successfully
2024-11-21 09:00:05 - [INFO] 已清除超过3天的日志。
2024-11-21 10:00:05 - [INFO] Code pulled successfully
2024-11-21 10:00:05 - [INFO] Mkdocs Service restart successfully
2024-11-21 10:00:05 - [INFO] 已清除超过3天的日志。
2024-11-21 11:00:05 - [INFO] Code pulled successfully
2024-11-21 11:00:05 - [INFO] Mkdocs Service restart successfully
2024-11-21 11:00:05 - [INFO] 已清除超过3天的日志。
2024-11-21 12:00:04 - [INFO] Code pulled successfully
2024-11-21 12:00:04 - [INFO] Mkdocs Service restart successfully
2024-11-21 12:00:04 - [INFO] 已清除超过3天的日志。
2024-11-21 13:00:05 - [INFO] Code pulled successfully
2024-11-21 13:00:05 - [INFO] Mkdocs Service restart successfully
2024-11-21 13:00:05 - [INFO] 已清除超过3天的日志。
2024-11-21 14:00:05 - [INFO] Code pulled successfully
2024-11-21 14:00:05 - [INFO] Mkdocs Service restart successfully
2024-11-21 14:00:05 - [INFO] 已清除超过3天的日志。
2024-11-21 15:00:05 - [INFO] Code pulled successfully
2024-11-21 15:00:05 - [INFO] Mkdocs Service restart successfully
2024-11-21 15:00:05 - [INFO] 已清除超过3天的日志。
2024-11-21 16:00:04 - [INFO] Code pulled successfully
2024-11-21 16:00:04 - [INFO] Mkdocs Service restart successfully
2024-11-21 16:00:04 - [INFO] 已清除超过3天的日志。
2024-11-21 17:00:04 - [INFO] Code pulled successfully
2024-11-21 17:00:04 - [INFO] Mkdocs Service restart successfully
2024-11-21 17:00:04 - [INFO] 已清除超过3天的日志。
2024-11-21 18:00:04 - [INFO] Code pulled successfully
2024-11-21 18:00:04 - [INFO] Mkdocs Service restart successfully
2024-11-21 18:00:04 - [INFO] 已清除超过3天的日志。
2024-11-21 19:00:05 - [INFO] Code pulled successfully
2024-11-21 19:00:05 - [INFO] Mkdocs Service restart successfully
2024-11-21 19:00:05 - [INFO] 已清除超过3天的日志。
2024-11-21 20:00:05 - [INFO] Code pulled successfully
2024-11-21 20:00:05 - [INFO] Mkdocs Service restart successfully
2024-11-21 20:00:05 - [INFO] 已清除超过3天的日志。
2024-11-21 21:00:04 - [INFO] Code pulled successfully
2024-11-21 21:00:04 - [INFO] Mkdocs Service restart successfully
2024-11-21 21:00:04 - [INFO] 已清除超过3天的日志。
2024-11-21 22:00:04 - [INFO] Code pulled successfully
2024-11-21 22:00:04 - [INFO] Mkdocs Service restart successfully
2024-11-21 22:00:04 - [INFO] 已清除超过3天的日志。
2024-11-21 22:39:16 - [INFO] Code pulled successfully
2024-11-21 22:39:16 - [INFO] Mkdocs Service restart successfully
2024-11-21 22:39:16 - [INFO] 已清除超过3天的日志。
2024-11-21 23:00:05 - [INFO] Code pulled successfully
2024-11-21 23:00:05 - [INFO] Mkdocs Service restart successfully
2024-11-21 23:00:05 - [INFO] 已清除超过3天的日志。
2024-11-22 00:00:05 - [INFO] Code pulled successfully
2024-11-22 00:00:05 - [INFO] Mkdocs Service restart successfully
2024-11-22 00:00:05 - [INFO] 已清除超过3天的日志。
2024-11-22 01:00:05 - [INFO] Code pulled successfully
2024-11-22 01:00:05 - [INFO] Mkdocs Service restart successfully
2024-11-22 01:00:05 - [INFO] 已清除超过3天的日志。
2024-11-22 02:00:06 - [INFO] Code pulled successfully
2024-11-22 02:00:06 - [INFO] Mkdocs Service restart successfully
2024-11-22 02:00:06 - [INFO] 已清除超过3天的日志。
2024-11-22 03:00:04 - [INFO] Code pulled successfully
2024-11-22 03:00:04 - [INFO] Mkdocs Service restart successfully
2024-11-22 03:00:04 - [INFO] 已清除超过3天的日志。
2024-11-22 04:00:04 - [INFO] Code pulled successfully
2024-11-22 04:00:04 - [INFO] Mkdocs Service restart successfully
2024-11-22 04:00:04 - [INFO] 已清除超过3天的日志。
2024-11-22 05:00:04 - [INFO] Code pulled successfully
2024-11-22 05:00:04 - [INFO] Mkdocs Service restart successfully
2024-11-22 05:00:04 - [INFO] 已清除超过3天的日志。
2024-11-22 06:00:05 - [INFO] Code pulled successfully
2024-11-22 06:00:05 - [INFO] Mkdocs Service restart successfully
2024-11-22 06:00:05 - [INFO] 已清除超过3天的日志。
2024-11-22 07:00:04 - [INFO] Code pulled successfully
2024-11-22 07:00:04 - [INFO] Mkdocs Service restart successfully
2024-11-22 07:00:04 - [INFO] 已清除超过3天的日志。
2024-11-22 07:51:19 - [INFO] Code pulled successfully
2024-11-22 07:51:19 - [INFO] Mkdocs Service restart successfully
2024-11-22 07:51:19 - [INFO] 已清除超过3天的日志。
2024-11-22 08:00:04 - [INFO] Code pulled successfully
2024-11-22 08:00:04 - [INFO] Mkdocs Service restart successfully
2024-11-22 08:00:04 - [INFO] 已清除超过3天的日志。
2024-11-22 09:00:04 - [INFO] Code pulled successfully
2024-11-22 09:00:04 - [INFO] Mkdocs Service restart successfully
2024-11-22 09:00:04 - [INFO] 已清除超过3天的日志。
2024-11-22 10:00:04 - [INFO] Code pulled successfully
2024-11-22 10:00:05 - [INFO] Mkdocs Service restart successfully
2024-11-22 10:00:05 - [INFO] 已清除超过3天的日志。
2024-11-22 11:00:05 - [INFO] Code pulled successfully
2024-11-22 11:00:05 - [INFO] Mkdocs Service restart successfully
2024-11-22 11:00:05 - [INFO] 已清除超过3天的日志。
2024-11-22 12:00:04 - [INFO] Code pulled successfully
2024-11-22 12:00:04 - [INFO] Mkdocs Service restart successfully
2024-11-22 12:00:04 - [INFO] 已清除超过3天的日志。
2024-11-22 13:00:04 - [INFO] Code pulled successfully
2024-11-22 13:00:04 - [INFO] Mkdocs Service restart successfully
2024-11-22 13:00:04 - [INFO] 已清除超过3天的日志。
2024-11-22 14:00:04 - [INFO] Code pulled successfully
2024-11-22 14:00:04 - [INFO] Mkdocs Service restart successfully
2024-11-22 14:00:04 - [INFO] 已清除超过3天的日志。
2024-11-22 15:00:04 - [INFO] Code pulled successfully
2024-11-22 15:00:04 - [INFO] Mkdocs Service restart successfully
2024-11-22 15:00:04 - [INFO] 已清除超过3天的日志。
2024-11-22 16:00:05 - [INFO] Code pulled successfully
2024-11-22 16:00:05 - [INFO] Mkdocs Service restart successfully
2024-11-22 16:00:05 - [INFO] 已清除超过3天的日志。
2024-11-22 17:00:05 - [INFO] Code pulled successfully
2024-11-22 17:00:05 - [INFO] Mkdocs Service restart successfully
2024-11-22 17:00:05 - [INFO] 已清除超过3天的日志。
2024-11-22 18:00:05 - [INFO] Code pulled successfully
2024-11-22 18:00:05 - [INFO] Mkdocs Service restart successfully
2024-11-22 18:00:05 - [INFO] 已清除超过3天的日志。
2024-11-22 19:00:04 - [INFO] Code pulled successfully
2024-11-22 19:00:04 - [INFO] Mkdocs Service restart successfully
2024-11-22 19:00:04 - [INFO] 已清除超过3天的日志。
2024-11-22 20:00:05 - [INFO] Code pulled successfully
2024-11-22 20:00:05 - [INFO] Mkdocs Service restart successfully
2024-11-22 20:00:05 - [INFO] 已清除超过3天的日志。
2024-11-22 21:00:05 - [INFO] Code pulled successfully
2024-11-22 21:00:05 - [INFO] Mkdocs Service restart successfully
2024-11-22 21:00:05 - [INFO] 已清除超过3天的日志。
2024-11-22 22:00:04 - [INFO] Code pulled successfully
2024-11-22 22:00:04 - [INFO] Mkdocs Service restart successfully
2024-11-22 22:00:04 - [INFO] 已清除超过3天的日志。
2024-11-22 23:00:05 - [INFO] Code pulled successfully
2024-11-22 23:00:05 - [INFO] Mkdocs Service restart successfully
2024-11-22 23:00:05 - [INFO] 已清除超过3天的日志。
